build/app/outputs/mapping/release/seeds.txt
com.example.covid_1984.MainActivity
com.example.covid_1984.MainActivity: MainActivity()
...
io.flutter.embedding.engine.systemchannels.PlatformChannel$ClipboardContentFormat: io.flutter.embedding.engine.systemchannels.PlatformChannel$ClipboardContentFormat[] values()
androidx.appcompat.widget.SearchView$SearchAutoComplete
androidx.appcompat.widget.ActionBarContainer: void setVisibility(int)
androidx.appcompat.widget.ActionBarOverlayLayout: void setIcon(int)
com.journeyapps.barcodescanner.CameraPreview
androidx.appcompat.widget.AppCompatTextView: android.graphics.PorterDuff$Mode getSupportCompoundDrawablesTintMode()
androidx.appcompat.widget.AppCompatMultiAutoCompleteTextView: void setSupportBackgroundTintMode(android.graphics.PorterDuff$Mode)
androidx.appcompat.widget.ActionBarOverlayLayout: void setHideOnContentScrollEnabled(boolean)
androidx.appcompat.widget.AppCompatSpinner: void setDropDownVerticalOffset(int)
io.flutter.embedding.engine.FlutterJNI: void attachToNative(boolean)
androidx.appcompat.widget.AppCompatImageButton: android.content.res.ColorStateList getSupportImageTintList()
io.flutter.embedding.engine.FlutterJNI: float refreshRateFPS
io.flutter.plugin.editing.ImeSyncDeferringInsetsCallback$AnimationCallback: void onPrepare(android.view.WindowInsetsAnimation)
androidx.appcompat.widget.ViewStubCompat: android.view.LayoutInflater getLayoutInflater()
androidx.appcompat.widget.Toolbar: void setCollapseContentDescription(int)
io.flutter.embedding.engine.systemchannels.PlatformChannel$ClipboardContentFormat: io.flutter.embedding.engine.systemchannels.PlatformChannel$ClipboardContentFormat valueOf(java.lang.String)
io.flutter.view.AccessibilityViewEmbedder: android.util.SparseArray flutterIdToOrigin
androidx.appcompat.widget.AppCompatTextView: androidx.core.text.PrecomputedTextCompat$Params getTextMetricsParamsCompat()
androidx.appcompat.widget.SearchView: void setOnQueryTextFocusChangeListener(android.view.View$OnFocusChangeListener)
androidx.lifecycle.Lifecycle$Event: androidx.lifecycle.Lifecycle$Event[] values()
io.flutter.embedding.engine.FlutterJNI: java.lang.String getObservatoryUri()
androidx.vectordrawable.graphics.drawable.VectorDrawableCompat$VGroup: float getScaleY()
androidx.appcompat.widget.LinearLayoutCompat: void setOrientation(int)
androidx.appcompat.widget.Toolbar: void setContentInsetStartWithNavigation(int)
io.flutter.embedding.engine.FlutterJNI: void addEngineLifecycleListener(io.flutter.embedding.engine.FlutterEngine$EngineLifecycleListener)
androidx.appcompat.widget.ActionBarOverlayLayout: void setShowingForActionMode(boolean)
androidx.appcompat.widget.ActivityChooserView$InnerLayout: ActivityChooserView$InnerLayout(android.content.Context,android.util.AttributeSet)
androidx.appcompat.widget.AppCompatTextView: android.view.textclassifier.TextClassifier getTextClassifier()
androidx.appcompat.widget.Toolbar: int getContentInsetStart()
androidx.appcompat.widget.Toolbar: void setContentInsetEndWithActions(int)
io.flutter.plugin.editing.ImeSyncDeferringInsetsCallback: int overlayInsetTypes
androidx.appcompat.widget.LinearLayoutCompat: int getGravity()
io.flutter.plugin.platform.SingleViewPresentation: SingleViewPresentation(android.content.Context,android.view.Display,io.flutter.plugin.platform.AccessibilityEventsDelegate,io.flutter.plugin.platform.SingleViewPresentation$PresentationState,android.view.View$OnFocusChangeListener,boolean)
androidx.activity.ImmLeaksCleaner
androidx.appcompat.widget.DropDownListView: void setListSelectionHidden(boolean)
io.flutter.embedding.android.FlutterSplashView$SavedState: FlutterSplashView$SavedState(android.os.Parcelable)
io.flutter.embedding.android.FlutterActivityLaunchConfigs$BackgroundMode: io.flutter.embedding.android.FlutterActivityLaunchConfigs$BackgroundMode[] values()
io.flutter.plugin.editing.ImeSyncDeferringInsetsCallback: android.view.WindowInsets access$400(io.flutter.plugin.editing.ImeSyncDeferringInsetsCallback)
io.flutter.embedding.engine.FlutterJNI: void onPreEngineRestart()