build/app/outputs/mapping/release/mapping.txt
# compiler: R8
# compiler_version: 2.1.62
# min_api: 20
# pg_map_id: b1dfab2
# common_typos_disable
...
androidx.arch.core.internal.FastSafeIterableMap -> a.b.a.b.a:
    java.util.HashMap mHashMap -> f
    androidx.arch.core.internal.SafeIterableMap$Entry get(java.lang.Object) -> c
    java.lang.Object putIfAbsent(java.lang.Object,java.lang.Object) -> g
    java.lang.Object remove(java.lang.Object) -> h
    java.util.Map$Entry ceil(java.lang.Object) -> i
androidx.arch.core.internal.SafeIterableMap -> a.b.a.b.b:
    androidx.arch.core.internal.SafeIterableMap$Entry mStart -> b
    androidx.arch.core.internal.SafeIterableMap$Entry mEnd -> c
    java.util.WeakHashMap mIterators -> d
    int mSize -> e
    java.util.Iterator descendingIterator() -> a
    java.util.Map$Entry eldest() -> b
    androidx.arch.core.internal.SafeIterableMap$Entry get(java.lang.Object) -> c
    androidx.arch.core.internal.SafeIterableMap$IteratorWithAdditions iteratorWithAdditions() -> d
    java.util.Map$Entry newest() -> e
    androidx.arch.core.internal.SafeIterableMap$Entry put(java.lang.Object,java.lang.Object) -> f
    java.lang.Object putIfAbsent(java.lang.Object,java.lang.Object) -> g
    java.lang.Object remove(java.lang.Object) -> h
androidx.arch.core.internal.SafeIterableMap$AscendingIterator -> a.b.a.b.b$a:
    androidx.arch.core.internal.SafeIterableMap$Entry backward(androidx.arch.core.internal.SafeIterableMap$Entry) -> b
    androidx.arch.core.internal.SafeIterableMap$Entry forward(androidx.arch.core.internal.SafeIterableMap$Entry) -> c
androidx.arch.core.internal.SafeIterableMap$DescendingIterator -> a.b.a.b.b$b:
    androidx.arch.core.internal.SafeIterableMap$Entry backward(androidx.arch.core.internal.SafeIterableMap$Entry) -> b
    androidx.arch.core.internal.SafeIterableMap$Entry forward(androidx.arch.core.internal.SafeIterableMap$Entry) -> c
androidx.arch.core.internal.SafeIterableMap$Entry -> a.b.a.b.b$c:
    androidx.arch.core.internal.SafeIterableMap$Entry mNext -> d
    androidx.arch.core.internal.SafeIterableMap$Entry mPrevious -> e
    java.lang.Object mKey -> b
    java.lang.Object mValue -> c
androidx.arch.core.internal.SafeIterableMap$IteratorWithAdditions -> a.b.a.b.b$d:
    androidx.arch.core.internal.SafeIterableMap$Entry mCurrent -> b
    androidx.arch.core.internal.SafeIterableMap this$0 -> d
    boolean mBeforeStart -> c
    void supportRemove(androidx.arch.core.internal.SafeIterableMap$Entry) -> a
    java.util.Map$Entry next() -> b
androidx.arch.core.internal.SafeIterableMap$ListIterator -> a.b.a.b.b$e:
    androidx.arch.core.internal.SafeIterableMap$Entry mExpectedEnd -> b
    androidx.arch.core.internal.SafeIterableMap$Entry mNext -> c
    void supportRemove(androidx.arch.core.internal.SafeIterableMap$Entry) -> a
    androidx.arch.core.internal.SafeIterableMap$Entry backward(androidx.arch.core.internal.SafeIterableMap$Entry) -> b
    androidx.arch.core.internal.SafeIterableMap$Entry forward(androidx.arch.core.internal.SafeIterableMap$Entry) -> c
    java.util.Map$Entry next() -> d
    androidx.arch.core.internal.SafeIterableMap$Entry nextNode() -> e
androidx.arch.core.internal.SafeIterableMap$SupportRemove -> a.b.a.b.b$f:
    void supportRemove(androidx.arch.core.internal.SafeIterableMap$Entry) -> a
androidx.collection.ArrayMap -> a.c.a:
    androidx.collection.MapCollections mCollections -> i
    androidx.collection.MapCollections getCollection() -> m
    boolean retainAll(java.util.Collection) -> n
androidx.collection.ArrayMap$1 -> a.c.a$a:
    androidx.collection.ArrayMap this$0 -> d
    void colClear() -> a
    java.lang.Object colGetEntry(int,int) -> b
    java.util.Map colGetMap() -> c
    int colGetSize() -> d
    int colIndexOfKey(java.lang.Object) -> e
    int colIndexOfValue(java.lang.Object) -> f
    void colPut(java.lang.Object,java.lang.Object) -> g
    void colRemoveAt(int) -> h
    java.lang.Object colSetValue(int,java.lang.Object) -> i