build/app/outputs/mapping/release/usage.txt
com.example.covid_1984.R$layout
com.example.covid_1984.R$styleable
com.example.covid_1984.R$string
com.example.covid_1984.R$attr
com.example.covid_1984.R$style
com.example.covid_1984.R$anim
com.example.covid_1984.R$bool
com.example.covid_1984.R$id
com.example.covid_1984.R$interpolator
com.example.covid_1984.R$drawable
com.example.covid_1984.R$mipmap
com.example.covid_1984.R
com.example.covid_1984.R$raw
com.example.covid_1984.R$dimen
com.example.covid_1984.BuildConfig
com.example.covid_1984.R$color
com.example.covid_1984.R$integer
...
androidx.core.util.TimeUtils
kotlin.collections.unsigned.UArraysKt___UArraysKt$withIndex$1
androidx.core.app.AppOpsManagerCompat:
    private void <init>()
    public static int noteOp(android.content.Context,java.lang.String,int,java.lang.String)
    public static int noteOpNoThrow(android.content.Context,java.lang.String,int,java.lang.String)
    public static int noteProxyOp(android.content.Context,java.lang.String,java.lang.String)
    public static final int MODE_ALLOWED
    public static final int MODE_IGNORED
    public static final int MODE_ERRORED
    public static final int MODE_DEFAULT
androidx.activity.R$layout
kotlin.RequiresOptIn
androidx.core.app.Person$Builder
androidx.multidex.R
androidx.appcompat.widget.DecorContentParent:
    public abstract java.lang.CharSequence getTitle()
    public abstract void setUiOptions(int)
    public abstract boolean hasIcon()
    public abstract boolean hasLogo()
    public abstract void setIcon(int)
    public abstract void setIcon(android.graphics.drawable.Drawable)
    public abstract void setLogo(int)
    public abstract void saveToolbarHierarchyState(android.util.SparseArray)
    public abstract void restoreToolbarHierarchyState(android.util.SparseArray)
io.flutter.embedding.android.AndroidKeyProcessor$EventResponder:
    private static final long MAX_PENDING_EVENTS
androidx.viewpager.R$style
com.google.zxing.oned.rss.expanded.ExpandedPair:
    boolean mayBeLast()
androidx.core.os.ParcelableCompat$ParcelableCompatCreatorHoneycombMR2
androidx.core.widget.AutoScrollHelper:
    public boolean isEnabled()
    public androidx.core.widget.AutoScrollHelper setExclusive(boolean)
    public boolean isExclusive()
    public static final float RELATIVE_UNSPECIFIED
    public static final float NO_MAX
    public static final float NO_MIN
    public static final int EDGE_TYPE_INSIDE
    public static final int EDGE_TYPE_INSIDE_EXTEND
    public static final int EDGE_TYPE_OUTSIDE
    private static final int HORIZONTAL
    private static final int VERTICAL
    private static final int DEFAULT_EDGE_TYPE
    private static final int DEFAULT_MINIMUM_VELOCITY_DIPS
    private static final int DEFAULT_MAXIMUM_VELOCITY_DIPS
    private static final float DEFAULT_MAXIMUM_EDGE
    private static final float DEFAULT_RELATIVE_EDGE
    private static final float DEFAULT_RELATIVE_VELOCITY
    private static final int DEFAULT_RAMP_UP_DURATION
    private static final int DEFAULT_RAMP_DOWN_DURATION
kotlin.sequences.SequencesKt__SequencesKt$asSequence$$inlined$Sequence$1
kotlin.io.FilesKt__UtilsKt
androidx.vectordrawable.graphics.drawable.VectorDrawableCompat:
    private void printGroupTree(androidx.vectordrawable.graphics.drawable.VectorDrawableCompat$VGroup,int)
    public float getPixelSize()
    static final java.lang.String LOGTAG
    private static final java.lang.String SHAPE_CLIP_PATH
    private static final java.lang.String SHAPE_GROUP
    private static final java.lang.String SHAPE_PATH
    private static final java.lang.String SHAPE_VECTOR
    private static final int LINECAP_BUTT
    private static final int LINECAP_ROUND
    private static final int LINECAP_SQUARE
    private static final int LINEJOIN_MITER
    private static final int LINEJOIN_ROUND
    private static final int LINEJOIN_BEVEL
    private static final int MAX_CACHED_BITMAP_SIZE
    private static final boolean DBG_VECTOR_DRAWABLE
androidx.core.text.util.FindAddress$ZipRange
io.flutter.view.FlutterMain
kotlin.reflect.KVariance
kotlin.io.FileTreeWalk$FileTreeWalkIterator
kotlin.sequences.SequencesKt__SequencesKt$Sequence$1
androidx.appcompat.widget.AppCompatSpinner$SpinnerPopup:
    public abstract int getHorizontalOriginalOffset()
android.support.v4.app.INotificationSideChannel$Default
kotlin.experimental.BitwiseOperationsKt
kotlin.sequences.SequencesKt___SequencesKt$minus$1